28-06-2026 03:59:47.591 INFO  [http-nio-8080-exec-1] [] o.a.c.c.C.[.[.[/] [log:168] - Initializing Spring DispatcherServlet 'dispatcherServlet'

28-06-2026 03:59:47.593 INFO  [http-nio-8080-exec-1] [] o.s.w.s.DispatcherServlet [initServletBean:523] - Initializing Servlet 'dispatcherServlet'

28-06-2026 03:59:47.596 INFO  [http-nio-8080-exec-1] [] o.s.w.s.DispatcherServlet [initServletBean:545] - Completed initialization in 3 ms

28-06-2026 03:59:48.347 INFO  [http-nio-8080-exec-1] [b55f7ab2d5] c.p.r.aop.LoggingAspect [logAround:33] - Enter - Class: c.p.r.c.AuthController - Method: register() - Arguments: [RegisterRequest(username=testuser, email=testuser@gmail.com, phoneNumber=0987654321)]

28-06-2026 03:59:48.362 INFO  [http-nio-8080-exec-1] [b55f7ab2d5] c.p.r.aop.LoggingAspect [logAround:33] - Enter - Class: c.p.r.s.i.AuthServiceImpl - Method: register() - Arguments: [RegisterRequest(username=testuser, email=testuser@gmail.com, phoneNumber=0987654321)]

28-06-2026 03:59:48.743 INFO  [http-nio-8080-exec-1] [b55f7ab2d5] c.p.r.aop.LoggingAspect [logAround:40] - Exit - Class: c.p.r.s.i.AuthServiceImpl - Method: register() - Result: com.ptit.rikkei_bank.dto.response.UserResponse@4420edfc - Execution time: 381 ms

28-06-2026 03:59:48.786 INFO  [http-nio-8080-exec-1] [b55f7ab2d5] c.p.r.aop.LoggingAspect [logAround:40] - Exit - Class: c.p.r.c.AuthController - Method: register() - Result Body: ApiResponse(success=true, code=201, message=─É─āng k├Į t├Āi khoß║Żn th├Ānh c├┤ng, data=com.ptit.rikkei_bank.dto.response.UserResponse@4420edfc, errors=null, timestamp=2026-06-28T03:59:48.778026100) - Status: 201 Created - Headers: [Location:"/api/v1/users/1"] - Execution time: 436 ms

28-06-2026 03:59:53.708 WARN  [http-nio-8080-exec-3] [68969c2f46] c.p.r.e.GlobalExceptionHandler [handleMethodArgumentNotValidException:25] - Validation failed - Errors: {phoneNumber=Sß╗æ ─æiß╗ćn thoß║Īi ─æ├Ż tß╗ōn tß║Īi!, email=Email ─æ├Ż tß╗ōn tß║Īi!, username=T├¬n ─æ─āng nhß║Łp ─æ├Ż tß╗ōn tß║Īi!}

28-06-2026 03:59:58.003 WARN  [http-nio-8080-exec-5] [5cc27faaa8] c.p.r.e.GlobalExceptionHandler [handleMethodArgumentNotValidException:25] - Validation failed - Errors: {password=Mß║Łt khß║®u phß║Żi chß╗®a ├Łt nhß║źt 6 k├Į tß╗▒, phoneNumber=Sß╗æ ─æiß╗ćn thoß║Īi kh├┤ng ─æ├║ng ─æß╗ŗnh dß║Īng cß╗¦a Viß╗ćt Nam, email=Email kh├┤ng hß╗Żp lß╗ć, username=T├¬n ─æ─āng nhß║Łp phß║Żi tß╗½ 4 ─æß║┐n 20 k├Į tß╗▒}

28-06-2026 04:00:03.259 INFO  [http-nio-8080-exec-7] [d0c3c7c936] c.p.r.aop.LoggingAspect [logAround:33] - Enter - Class: c.p.r.c.AuthController - Method: login() - Arguments: [LoginRequest(username=testuser)]

28-06-2026 04:00:03.267 INFO  [http-nio-8080-exec-7] [d0c3c7c936] c.p.r.aop.LoggingAspect [logAround:33] - Enter - Class: c.p.r.s.i.AuthServiceImpl - Method: login() - Arguments: [LoginRequest(username=testuser)]

28-06-2026 04:00:03.932 INFO  [http-nio-8080-exec-7] [d0c3c7c936] c.p.r.aop.LoggingAspect [logAround:40] - Exit - Class: c.p.r.s.i.AuthServiceImpl - Method: login() - Result: com.ptit.rikkei_bank.dto.response.AuthResponse@3dd5710c - Execution time: 665 ms

28-06-2026 04:00:03.942 INFO  [http-nio-8080-exec-7] [d0c3c7c936] c.p.r.aop.LoggingAspect [logAround:40] - Exit - Class: c.p.r.c.AuthController - Method: login() - Result Body: ApiResponse(success=true, code=200, message=─É─āng nhß║Łp th├Ānh c├┤ng, data=com.ptit.rikkei_bank.dto.response.AuthResponse@3dd5710c, errors=null, timestamp=2026-06-28T04:00:03.942382300) - Status: 200 OK - Headers: [] - Execution time: 686 ms

28-06-2026 04:00:17.512 INFO  [http-nio-8080-exec-8] [6e94b03721] c.p.r.aop.LoggingAspect [logAround:33] - Enter - Class: c.p.r.s.i.RedisTokenBlacklistServiceImpl - Method: isBlacklisted() - Arguments: [eyJhbGciOiJIUzI1NiJ9.eyJzdWIiOiJ0ZXN0dXNlciIsImlhdCI6MTc4MjU5NDAwMywiZXhwIjoxNzgyNTk0MzAzfQ.gieSGWdZsMBdcDJ5z_zsDULx18OdCbum5LaFc1w95Ns]

28-06-2026 04:00:18.619 WARN  [http-nio-8080-exec-8] [6e94b03721] c.p.r.s.i.RedisTokenBlacklistServiceImpl [isBlacklisted:45] - [Redis] Redis is unavailable, falling back to local memory cache. Error: Unable to connect to Redis

28-06-2026 04:00:18.621 INFO  [http-nio-8080-exec-8] [6e94b03721] c.p.r.aop.LoggingAspect [logAround:40] - Exit - Class: c.p.r.s.i.RedisTokenBlacklistServiceImpl - Method: isBlacklisted() - Result: false - Execution time: 1109 ms

28-06-2026 04:00:18.719 INFO  [http-nio-8080-exec-8] [6e94b03721] c.p.r.aop.LoggingAspect [logAround:33] - Enter - Class: c.p.r.c.AuthController - Method: logout() - Arguments: [SecurityContextHolderAwareRequestWrapper[ org.springframework.security.web.header.HeaderWriterFilter$HeaderWriterRequest@25bd439a]]

28-06-2026 04:00:18.722 INFO  [http-nio-8080-exec-8] [6e94b03721] c.p.r.aop.LoggingAspect [logAround:33] - Enter - Class: c.p.r.s.i.AuthServiceImpl - Method: logout() - Arguments: [SecurityContextHolderAwareRequestWrapper[ org.springframework.security.web.header.HeaderWriterFilter$HeaderWriterRequest@25bd439a]]

28-06-2026 04:00:18.732 INFO  [http-nio-8080-exec-8] [6e94b03721] c.p.r.aop.LoggingAspect [logAround:33] - Enter - Class: c.p.r.s.i.RedisTokenBlacklistServiceImpl - Method: blacklistToken() - Arguments: [eyJhbGciOiJIUzI1NiJ9.eyJzdWIiOiJ0ZXN0dXNlciIsImlhdCI6MTc4MjU5NDAwMywiZXhwIjoxNzgyNTk0MzAzfQ.gieSGWdZsMBdcDJ5z_zsDULx18OdCbum5LaFc1w95Ns, 284]

28-06-2026 04:00:18.736 INFO  [http-nio-8080-exec-8] [6e94b03721] c.p.r.s.i.RedisTokenBlacklistServiceImpl [blacklistToken:35] - [Local] Blacklisted token in memory cache

28-06-2026 04:00:18.736 INFO  [http-nio-8080-exec-8] [6e94b03721] c.p.r.aop.LoggingAspect [logAround:40] - Exit - Class: c.p.r.s.i.RedisTokenBlacklistServiceImpl - Method: blacklistToken() - Result: null - Execution time: 4 ms

28-06-2026 04:00:18.736 INFO  [http-nio-8080-exec-8] [6e94b03721] c.p.r.aop.LoggingAspect [logAround:40] - Exit - Class: c.p.r.s.i.AuthServiceImpl - Method: logout() - Result: null - Execution time: 14 ms

28-06-2026 04:00:18.742 INFO  [http-nio-8080-exec-8] [6e94b03721] c.p.r.aop.LoggingAspect [logAround:40] - Exit - Class: c.p.r.c.AuthController - Method: logout() - Result Body: ApiResponse(success=true, code=200, message=─É─āng xuß║źt th├Ānh c├┤ng, data=null, errors=null, timestamp=2026-06-28T04:00:18.742235800) - Status: 200 OK - Headers: [] - Execution time: 23 ms

28-06-2026 04:00:54.004 WARN  [http-nio-8080-exec-3] [3932621b77] c.p.r.e.GlobalExceptionHandler [handleHttpMessageNotReadableException:45] - Malformed JSON request - Message: JSON parse error: Unexpected character ('}' (code 125)): expected a value

28-06-2026 04:02:25.968 INFO  [File Watcher] [] o.s.b.d.a.LocalDevToolsAutoConfiguration$RestartingClassPathChangeChangedEventListener [onApplicationEvent:216] - Restarting due to 2 class path changes (0 additions, 2 deletions, 0 modifications)

28-06-2026 04:02:25.989 INFO  [Thread-1] [] o.s.b.t.GracefulShutdown [shutDownGracefully:54] - Commencing graceful shutdown. Waiting for active requests to complete

28-06-2026 04:02:26.013 INFO  [tomcat-shutdown] [] o.s.b.t.GracefulShutdown [doShutdown:76] - Graceful shutdown complete

28-06-2026 04:02:26.080 INFO  [Thread-1] [] o.s.o.j.LocalContainerEntityManagerFactoryBean [destroy:693] - Closing JPA EntityManagerFactory for persistence unit 'default'

28-06-2026 04:02:26.102 INFO  [Thread-1] [] c.z.h.HikariDataSource [close:349] - HikariPool-1 - Shutdown initiated...

28-06-2026 04:02:26.125 INFO  [Thread-1] [] c.z.h.HikariDataSource [close:351] - HikariPool-1 - Shutdown completed.

28-06-2026 04:02:26.384 INFO  [restartedMain] [] c.p.r.RikkeiBankApplication [logStarting:54] - Starting RikkeiBankApplication using Java 21.0.10 with PID 6288 (D:\Phan Trung Ki├¬n - PTIT\JAVA WEB SERVICE\Rikkei Bank\build\classes\java\main started by KienPhan in D:\Phan Trung Ki├¬n - PTIT\JAVA WEB SERVICE\Rikkei Bank)

28-06-2026 04:02:26.384 INFO  [restartedMain] [] c.p.r.RikkeiBankApplication [logStartupProfileInfo:652] - No active profile set, falling back to 1 default profile: "default"

28-06-2026 04:02:27.582 INFO  [restartedMain] [] o.s.d.r.c.RepositoryConfigurationDelegate [multipleStoresDetected:291] - Multiple Spring Data modules found, entering strict repository configuration mode

28-06-2026 04:02:27.583 INFO  [restartedMain] [] o.s.d.r.c.RepositoryConfigurationDelegate [registerRepositoriesIn:145] - Bootstrapping Spring Data JPA repositories in DEFAULT mode.

28-06-2026 04:02:27.683 INFO  [restartedMain] [] o.s.d.r.c.RepositoryConfigurationDelegate [registerRepositoriesIn:213] - Finished Spring Data repository scanning in 94 ms. Found 7 JPA repository interfaces.

28-06-2026 04:02:27.714 INFO  [restartedMain] [] o.s.d.r.c.RepositoryConfigurationDelegate [multipleStoresDetected:291] - Multiple Spring Data modules found, entering strict repository configuration mode

28-06-2026 04:02:27.715 INFO  [restartedMain] [] o.s.d.r.c.RepositoryConfigurationDelegate [registerRepositoriesIn:145] - Bootstrapping Spring Data Redis repositories in DEFAULT mode.

28-06-2026 04:02:27.733 INFO  [restartedMain] [] o.s.d.r.c.RepositoryConfigurationExtensionSupport [isStrictRepositoryCandidate:327] - Spring Data Redis - Could not safely identify store assignment for repository candidate interface com.ptit.rikkei_bank.repository.AccountRepository; If you want this repository to be a Redis repository, consider annotating your entities with one of these annotations: org.springframework.data.redis.core.RedisHash (preferred), or consider extending one of the following types with your repository: org.springframework.data.keyvalue.repository.KeyValueRepository

28-06-2026 04:02:27.734 INFO  [restartedMain] [] o.s.d.r.c.RepositoryConfigurationExtensionSupport [isStrictRepositoryCandidate:327] - Spring Data Redis - Could not safely identify store assignment for repository candidate interface com.ptit.rikkei_bank.repository.KycProfileRepository; If you want this repository to be a Redis repository, consider annotating your entities with one of these annotations: org.springframework.data.redis.core.RedisHash (preferred), or consider extending one of the following types with your repository: org.springframework.data.keyvalue.repository.KeyValueRepository

28-06-2026 04:02:27.735 INFO  [restartedMain] [] o.s.d.r.c.RepositoryConfigurationExtensionSupport [isStrictRepositoryCandidate:327] - Spring Data Redis - Could not safely identify store assignment for repository candidate interface com.ptit.rikkei_bank.repository.RefreshTokenRepository; If you want this repository to be a Redis repository, consider annotating your entities with one of these annotations: org.springframework.data.redis.core.RedisHash (preferred), or consider extending one of the following types with your repository: org.springframework.data.keyvalue.repository.KeyValueRepository

28-06-2026 04:02:27.736 INFO  [restartedMain] [] o.s.d.r.c.RepositoryConfigurationExtensionSupport [isStrictRepositoryCandidate:327] - Spring Data Redis - Could not safely identify store assignment for repository candidate interface com.ptit.rikkei_bank.repository.RoleRepository; If you want this repository to be a Redis repository, consider annotating your entities with one of these annotations: org.springframework.data.redis.core.RedisHash (preferred), or consider extending one of the following types with your repository: org.springframework.data.keyvalue.repository.KeyValueRepository

28-06-2026 04:02:27.736 INFO  [restartedMain] [] o.s.d.r.c.RepositoryConfigurationExtensionSupport [isStrictRepositoryCandidate:327] - Spring Data Redis - Could not safely identify store assignment for repository candidate interface com.ptit.rikkei_bank.repository.TokenBlackListRepository; If you want this repository to be a Redis repository, consider annotating your entities with one of these annotations: org.springframework.data.redis.core.RedisHash (preferred), or consider extending one of the following types with your repository: org.springframework.data.keyvalue.repository.KeyValueRepository

28-06-2026 04:02:27.737 INFO  [restartedMain] [] o.s.d.r.c.RepositoryConfigurationExtensionSupport [isStrictRepositoryCandidate:327] - Spring Data Redis - Could not safely identify store assignment for repository candidate interface com.ptit.rikkei_bank.repository.TransactionRepository; If you want this repository to be a Redis repository, consider annotating your entities with one of these annotations: org.springframework.data.redis.core.RedisHash (preferred), or consider extending one of the following types with your repository: org.springframework.data.keyvalue.repository.KeyValueRepository

28-06-2026 04:02:27.737 INFO  [restartedMain] [] o.s.d.r.c.RepositoryConfigurationExtensionSupport [isStrictRepositoryCandidate:327] - Spring Data Redis - Could not safely identify store assignment for repository candidate interface com.ptit.rikkei_bank.repository.UserRepository; If you want this repository to be a Redis repository, consider annotating your entities with one of these annotations: org.springframework.data.redis.core.RedisHash (preferred), or consider extending one of the following types with your repository: org.springframework.data.keyvalue.repository.KeyValueRepository

28-06-2026 04:02:27.737 INFO  [restartedMain] [] o.s.d.r.c.RepositoryConfigurationDelegate [registerRepositoriesIn:213] - Finished Spring Data repository scanning in 18 ms. Found 0 Redis repository interfaces.

28-06-2026 04:02:28.225 INFO  [restartedMain] [] o.s.b.t.TomcatWebServer [initialize:114] - Tomcat initialized with port 8080 (http)

28-06-2026 04:02:28.230 INFO  [restartedMain] [] o.a.c.c.StandardService [log:168] - Starting service [Tomcat]

28-06-2026 04:02:28.230 INFO  [restartedMain] [] o.a.c.core.StandardEngine [log:168] - Starting Servlet engine: [Apache Tomcat/11.0.22]

28-06-2026 04:02:28.310 INFO  [restartedMain] [] o.s.b.w.c.s.WebApplicationContextInitializer [prepareWebApplicationContext:77] - Root WebApplicationContext: initialization completed in 1909 ms

28-06-2026 04:02:28.436 ERROR [restartedMain] [] o.s.b.t.s.DeferredServletContainerInitializers [onStartup:63] - Error starting Tomcat context. Exception: org.springframework.beans.factory.UnsatisfiedDependencyException. Message: Error creating bean with name 'jwtAuthenticationFilter' defined in file [D:\Phan Trung Ki├¬n - PTIT\JAVA WEB SERVICE\Rikkei Bank\build\classes\java\main\com\ptit\rikkei_bank\security\JwtAuthenticationFilter.class]: Unsatisfied dependency expressed through constructor parameter 0: Error creating bean with name 'jwtTokenProvider' defined in file [D:\Phan Trung Ki├¬n - PTIT\JAVA WEB SERVICE\Rikkei Bank\build\classes\java\main\com\ptit\rikkei_bank\security\JwtTokenProvider.class]: Unsatisfied dependency expressed through constructor parameter 0: No qualifying bean of type 'com.ptit.rikkei_bank.config.JwtProperties' available: expected at least 1 bean which qualifies as autowire candidate. Dependency annotations: {}

28-06-2026 04:02:28.438 INFO  [restartedMain] [] o.a.c.c.StandardService [log:168] - Stopping service [Tomcat]

28-06-2026 04:02:28.452 WARN  [restartedMain] [] o.s.b.w.s.s.c.AnnotationConfigServletWebServerApplicationContext [refresh:629] - Exception encountered during context initialization - cancelling refresh attempt: org.springframework.context.ApplicationContextException: Unable to start web server

28-06-2026 04:02:28.460 INFO  [restartedMain] [] o.s.b.a.l.ConditionEvaluationReportLogger [logMessage:82] - 

Error starting ApplicationContext. To display the condition evaluation report re-run your application with 'debug' enabled.

28-06-2026 04:02:28.502 ERROR [restartedMain] [] o.s.b.d.LoggingFailureAnalysisReporter [report:40] - 

***************************
APPLICATION FAILED TO START
***************************

Description:

Parameter 0 of constructor in com.ptit.rikkei_bank.security.JwtTokenProvider required a bean of type 'com.ptit.rikkei_bank.config.JwtProperties' that could not be found.


Action:

Consider defining a bean of type 'com.ptit.rikkei_bank.config.JwtProperties' in your configuration.


28-06-2026 04:02:31.171 INFO  [restartedMain] [] c.p.r.RikkeiBankApplication [logStarting:54] - Starting RikkeiBankApplication using Java 21.0.10 with PID 6288 (D:\Phan Trung Ki├¬n - PTIT\JAVA WEB SERVICE\Rikkei Bank\build\classes\java\main started by KienPhan in D:\Phan Trung Ki├¬n - PTIT\JAVA WEB SERVICE\Rikkei Bank)

28-06-2026 04:02:31.172 INFO  [restartedMain] [] c.p.r.RikkeiBankApplication [logStartupProfileInfo:652] - No active profile set, falling back to 1 default profile: "default"

28-06-2026 04:02:32.159 INFO  [restartedMain] [] o.s.d.r.c.RepositoryConfigurationDelegate [multipleStoresDetected:291] - Multiple Spring Data modules found, entering strict repository configuration mode

28-06-2026 04:02:32.162 INFO  [restartedMain] [] o.s.d.r.c.RepositoryConfigurationDelegate [registerRepositoriesIn:145] - Bootstrapping Spring Data JPA repositories in DEFAULT mode.

28-06-2026 04:02:32.262 INFO  [restartedMain] [] o.s.d.r.c.RepositoryConfigurationDelegate [registerRepositoriesIn:213] - Finished Spring Data repository scanning in 96 ms. Found 7 JPA repository interfaces.

28-06-2026 04:02:32.282 INFO  [restartedMain] [] o.s.d.r.c.RepositoryConfigurationDelegate [multipleStoresDetected:291] - Multiple Spring Data modules found, entering strict repository configuration mode

28-06-2026 04:02:32.282 INFO  [restartedMain] [] o.s.d.r.c.RepositoryConfigurationDelegate [registerRepositoriesIn:145] - Bootstrapping Spring Data Redis repositories in DEFAULT mode.

28-06-2026 04:02:32.302 INFO  [restartedMain] [] o.s.d.r.c.RepositoryConfigurationExtensionSupport [isStrictRepositoryCandidate:327] - Spring Data Redis - Could not safely identify store assignment for repository candidate interface com.ptit.rikkei_bank.repository.AccountRepository; If you want this repository to be a Redis repository, consider annotating your entities with one of these annotations: org.springframework.data.redis.core.RedisHash (preferred), or consider extending one of the following types with your repository: org.springframework.data.keyvalue.repository.KeyValueRepository

28-06-2026 04:02:32.304 INFO  [restartedMain] [] o.s.d.r.c.RepositoryConfigurationExtensionSupport [isStrictRepositoryCandidate:327] - Spring Data Redis - Could not safely identify store assignment for repository candidate interface com.ptit.rikkei_bank.repository.KycProfileRepository; If you want this repository to be a Redis repository, consider annotating your entities with one of these annotations: org.springframework.data.redis.core.RedisHash (preferred), or consider extending one of the following types with your repository: org.springframework.data.keyvalue.repository.KeyValueRepository

28-06-2026 04:02:32.304 INFO  [restartedMain] [] o.s.d.r.c.RepositoryConfigurationExtensionSupport [isStrictRepositoryCandidate:327] - Spring Data Redis - Could not safely identify store assignment for repository candidate interface com.ptit.rikkei_bank.repository.RefreshTokenRepository; If you want this repository to be a Redis repository, consider annotating your entities with one of these annotations: org.springframework.data.redis.core.RedisHash (preferred), or consider extending one of the following types with your repository: org.springframework.data.keyvalue.repository.KeyValueRepository

28-06-2026 04:02:32.305 INFO  [restartedMain] [] o.s.d.r.c.RepositoryConfigurationExtensionSupport [isStrictRepositoryCandidate:327] - Spring Data Redis - Could not safely identify store assignment for repository candidate interface com.ptit.rikkei_bank.repository.RoleRepository; If you want this repository to be a Redis repository, consider annotating your entities with one of these annotations: org.springframework.data.redis.core.RedisHash (preferred), or consider extending one of the following types with your repository: org.springframework.data.keyvalue.repository.KeyValueRepository

28-06-2026 04:02:32.305 INFO  [restartedMain] [] o.s.d.r.c.RepositoryConfigurationExtensionSupport [isStrictRepositoryCandidate:327] - Spring Data Redis - Could not safely identify store assignment for repository candidate interface com.ptit.rikkei_bank.repository.TokenBlackListRepository; If you want this repository to be a Redis repository, consider annotating your entities with one of these annotations: org.springframework.data.redis.core.RedisHash (preferred), or consider extending one of the following types with your repository: org.springframework.data.keyvalue.repository.KeyValueRepository

28-06-2026 04:02:32.305 INFO  [restartedMain] [] o.s.d.r.c.RepositoryConfigurationExtensionSupport [isStrictRepositoryCandidate:327] - Spring Data Redis - Could not safely identify store assignment for repository candidate interface com.ptit.rikkei_bank.repository.TransactionRepository; If you want this repository to be a Redis repository, consider annotating your entities with one of these annotations: org.springframework.data.redis.core.RedisHash (preferred), or consider extending one of the following types with your repository: org.springframework.data.keyvalue.repository.KeyValueRepository

28-06-2026 04:02:32.305 INFO  [restartedMain] [] o.s.d.r.c.RepositoryConfigurationExtensionSupport [isStrictRepositoryCandidate:327] - Spring Data Redis - Could not safely identify store assignment for repository candidate interface com.ptit.rikkei_bank.repository.UserRepository; If you want this repository to be a Redis repository, consider annotating your entities with one of these annotations: org.springframework.data.redis.core.RedisHash (preferred), or consider extending one of the following types with your repository: org.springframework.data.keyvalue.repository.KeyValueRepository

28-06-2026 04:02:32.305 INFO  [restartedMain] [] o.s.d.r.c.RepositoryConfigurationDelegate [registerRepositoriesIn:213] - Finished Spring Data repository scanning in 16 ms. Found 0 Redis repository interfaces.

28-06-2026 04:02:32.725 INFO  [restartedMain] [] o.s.b.t.TomcatWebServer [initialize:114] - Tomcat initialized with port 8080 (http)

28-06-2026 04:02:32.727 INFO  [restartedMain] [] o.a.c.c.StandardService [log:168] - Starting service [Tomcat]

28-06-2026 04:02:32.727 INFO  [restartedMain] [] o.a.c.core.StandardEngine [log:168] - Starting Servlet engine: [Apache Tomcat/11.0.22]

28-06-2026 04:02:32.791 INFO  [restartedMain] [] o.s.b.w.c.s.WebApplicationContextInitializer [prepareWebApplicationContext:77] - Root WebApplicationContext: initialization completed in 1612 ms

28-06-2026 04:02:33.067 INFO  [restartedMain] [] org.hibernate.orm.jpa [logPersistenceUnitInformation:102] - HHH008540: Processing PersistenceUnitInfo [name: default]

28-06-2026 04:02:33.174 INFO  [restartedMain] [] o.s.o.j.p.SpringPersistenceUnitInfo [addTransformer:129] - No LoadTimeWeaver setup: ignoring JPA class transformer

28-06-2026 04:02:33.176 INFO  [restartedMain] [] c.z.h.HikariDataSource [getConnection:109] - HikariPool-2 - Starting...

28-06-2026 04:02:33.195 INFO  [restartedMain] [] c.z.h.pool.HikariPool [checkFailFast:580] - HikariPool-2 - Added connection com.mysql.cj.jdbc.ConnectionImpl@3991ae32

28-06-2026 04:02:33.197 INFO  [restartedMain] [] c.z.h.HikariDataSource [getConnection:122] - HikariPool-2 - Start completed.

28-06-2026 04:02:33.202 WARN  [restartedMain] [] o.h.orm.deprecation [constructDialect:152] - HHH90000025: MySQLDialect does not need to be specified explicitly using 'hibernate.dialect' (remove the property setting and it will be selected by default)

28-06-2026 04:02:33.205 INFO  [restartedMain] [] o.h.o.connections.pooling [logConnectionInfo:179] - HHH10001005: Database info:
	Database JDBC URL [jdbc:mysql://localhost:3306/rikkei_bank?createDatabaseIfNotExist=true&useSSL=false&serverTimezone=UTC&characterEncoding=UTF-8&allowPublicKeyRetrieval=true]
	Database driver: MySQL Connector/J
	Database dialect: MySQLDialect
	Database version: 8.0.43
	Default catalog/schema: rikkei_bank/undefined
	Autocommit mode: undefined/unknown
	Isolation level: REPEATABLE_READ [default REPEATABLE_READ]
	JDBC fetch size: none
	Pool: DataSourceConnectionProvider
	Minimum pool size: undefined/unknown
	Maximum pool size: undefined/unknown

28-06-2026 04:02:33.734 INFO  [restartedMain] [] org.hibernate.orm.core [initiateService:53] - HHH000489: No JTA platform available (set 'hibernate.transaction.jta.platform' to enable JTA platform integration)

28-06-2026 04:02:33.809 INFO  [restartedMain] [] o.s.o.j.LocalContainerEntityManagerFactoryBean [buildNativeEntityManagerFactory:464] - Initialized JPA EntityManagerFactory for persistence unit 'default'

28-06-2026 04:02:34.219 INFO  [restartedMain] [] o.s.s.c.a.a.c.InitializeAuthenticationProviderBeanManagerConfigurer$InitializeAuthenticationProviderManagerConfigurer [configure:80] - Global AuthenticationManager configured with AuthenticationProvider bean with name authenticationProvider

28-06-2026 04:02:34.225 WARN  [restartedMain] [] o.s.s.c.a.a.c.InitializeUserDetailsBeanManagerConfigurer$InitializeUserDetailsManagerConfigurer [configure:73] - Global AuthenticationManager configured with an AuthenticationProvider bean. UserDetailsService beans will not be used by Spring Security for automatically configuring username/password login. Consider removing the AuthenticationProvider bean. Alternatively, consider using the UserDetailsService in a manually instantiated DaoAuthenticationProvider. If the current configuration is intentional, to turn off this warning, increase the logging level of 'org.springframework.security.config.annotation.authentication.configuration.InitializeUserDetailsBeanManagerConfigurer' to ERROR

28-06-2026 04:02:34.475 WARN  [restartedMain] [] o.s.b.j.a.JpaBaseConfiguration$JpaWebConfiguration [openEntityManagerInViewInterceptor:261] - spring.jpa.open-in-view is enabled by default. Therefore, database queries may be performed during view rendering. Explicitly configure spring.jpa.open-in-view to disable this warning

28-06-2026 04:02:34.674 INFO  [Test worker] [] c.p.r.RikkeiBankApplicationTests [logStarting:54] - Starting RikkeiBankApplicationTests using Java 21.0.10 with PID 20296 (started by KienPhan in D:\Phan Trung Ki├¬n - PTIT\JAVA WEB SERVICE\Rikkei Bank)

28-06-2026 04:02:34.686 INFO  [Test worker] [] c.p.r.RikkeiBankApplicationTests [logStartupProfileInfo:652] - No active profile set, falling back to 1 default profile: "default"

28-06-2026 04:02:35.369 INFO  [restartedMain] [] o.s.b.a.e.w.EndpointLinksResolver [<init>:60] - Exposing 2 endpoints beneath base path '/actuator'

28-06-2026 04:02:35.410 INFO  [restartedMain] [] o.s.b.t.TomcatWebServer [start:240] - Tomcat started on port 8080 (http) with context path '/'

28-06-2026 04:02:35.414 INFO  [restartedMain] [] c.p.r.RikkeiBankApplication [logStarted:60] - Started RikkeiBankApplication in 4.36 seconds (process running for 200.813)

28-06-2026 04:02:35.420 INFO  [restartedMain] [] o.s.b.d.a.ConditionEvaluationDeltaLoggingListener [onApplicationEvent:66] - Condition evaluation unchanged

28-06-2026 04:02:37.442 INFO  [Test worker] [] o.s.d.r.c.RepositoryConfigurationDelegate [multipleStoresDetected:291] - Multiple Spring Data modules found, entering strict repository configuration mode

28-06-2026 04:02:37.452 INFO  [Test worker] [] o.s.d.r.c.RepositoryConfigurationDelegate [registerRepositoriesIn:145] - Bootstrapping Spring Data JPA repositories in DEFAULT mode.

28-06-2026 04:02:37.847 INFO  [Test worker] [] o.s.d.r.c.RepositoryConfigurationDelegate [registerRepositoriesIn:213] - Finished Spring Data repository scanning in 372 ms. Found 7 JPA repository interfaces.

28-06-2026 04:02:37.947 INFO  [Test worker] [] o.s.d.r.c.RepositoryConfigurationDelegate [multipleStoresDetected:291] - Multiple Spring Data modules found, entering strict repository configuration mode

28-06-2026 04:02:37.951 INFO  [Test worker] [] o.s.d.r.c.RepositoryConfigurationDelegate [registerRepositoriesIn:145] - Bootstrapping Spring Data Redis repositories in DEFAULT mode.

28-06-2026 04:02:37.989 INFO  [Test worker] [] o.s.d.r.c.RepositoryConfigurationExtensionSupport [isStrictRepositoryCandidate:327] - Spring Data Redis - Could not safely identify store assignment for repository candidate interface com.ptit.rikkei_bank.repository.AccountRepository; If you want this repository to be a Redis repository, consider annotating your entities with one of these annotations: org.springframework.data.redis.core.RedisHash (preferred), or consider extending one of the following types with your repository: org.springframework.data.keyvalue.repository.KeyValueRepository

28-06-2026 04:02:37.991 INFO  [Test worker] [] o.s.d.r.c.RepositoryConfigurationExtensionSupport [isStrictRepositoryCandidate:327] - Spring Data Redis - Could not safely identify store assignment for repository candidate interface com.ptit.rikkei_bank.repository.KycProfileRepository; If you want this repository to be a Redis repository, consider annotating your entities with one of these annotations: org.springframework.data.redis.core.RedisHash (preferred), or consider extending one of the following types with your repository: org.springframework.data.keyvalue.repository.KeyValueRepository

28-06-2026 04:02:37.992 INFO  [Test worker] [] o.s.d.r.c.RepositoryConfigurationExtensionSupport [isStrictRepositoryCandidate:327] - Spring Data Redis - Could not safely identify store assignment for repository candidate interface com.ptit.rikkei_bank.repository.RefreshTokenRepository; If you want this repository to be a Redis repository, consider annotating your entities with one of these annotations: org.springframework.data.redis.core.RedisHash (preferred), or consider extending one of the following types with your repository: org.springframework.data.keyvalue.repository.KeyValueRepository

28-06-2026 04:02:37.994 INFO  [Test worker] [] o.s.d.r.c.RepositoryConfigurationExtensionSupport [isStrictRepositoryCandidate:327] - Spring Data Redis - Could not safely identify store assignment for repository candidate interface com.ptit.rikkei_bank.repository.RoleRepository; If you want this repository to be a Redis repository, consider annotating your entities with one of these annotations: org.springframework.data.redis.core.RedisHash (preferred), or consider extending one of the following types with your repository: org.springframework.data.keyvalue.repository.KeyValueRepository

28-06-2026 04:02:37.996 INFO  [Test worker] [] o.s.d.r.c.RepositoryConfigurationExtensionSupport [isStrictRepositoryCandidate:327] - Spring Data Redis - Could not safely identify store assignment for repository candidate interface com.ptit.rikkei_bank.repository.TokenBlackListRepository; If you want this repository to be a Redis repository, consider annotating your entities with one of these annotations: org.springframework.data.redis.core.RedisHash (preferred), or consider extending one of the following types with your repository: org.springframework.data.keyvalue.repository.KeyValueRepository

28-06-2026 04:02:37.996 INFO  [Test worker] [] o.s.d.r.c.RepositoryConfigurationExtensionSupport [isStrictRepositoryCandidate:327] - Spring Data Redis - Could not safely identify store assignment for repository candidate interface com.ptit.rikkei_bank.repository.TransactionRepository; If you want this repository to be a Redis repository, consider annotating your entities with one of these annotations: org.springframework.data.redis.core.RedisHash (preferred), or consider extending one of the following types with your repository: org.springframework.data.keyvalue.repository.KeyValueRepository

28-06-2026 04:02:37.998 INFO  [Test worker] [] o.s.d.r.c.RepositoryConfigurationExtensionSupport [isStrictRepositoryCandidate:327] - Spring Data Redis - Could not safely identify store assignment for repository candidate interface com.ptit.rikkei_bank.repository.UserRepository; If you want this repository to be a Redis repository, consider annotating your entities with one of these annotations: org.springframework.data.redis.core.RedisHash (preferred), or consider extending one of the following types with your repository: org.springframework.data.keyvalue.repository.KeyValueRepository

28-06-2026 04:02:37.999 INFO  [Test worker] [] o.s.d.r.c.RepositoryConfigurationDelegate [registerRepositoriesIn:213] - Finished Spring Data repository scanning in 25 ms. Found 0 Redis repository interfaces.

28-06-2026 04:02:39.674 INFO  [Test worker] [] org.hibernate.orm.jpa [logPersistenceUnitInformation:102] - HHH008540: Processing PersistenceUnitInfo [name: default]

28-06-2026 04:02:39.922 INFO  [Test worker] [] org.hibernate.orm.core [logVersion:41] - HHH000001: Hibernate ORM core version 7.4.1.Final

28-06-2026 04:02:40.752 INFO  [Test worker] [] o.s.o.j.p.SpringPersistenceUnitInfo [addTransformer:129] - No LoadTimeWeaver setup: ignoring JPA class transformer

28-06-2026 04:02:40.797 INFO  [Test worker] [] c.z.h.HikariDataSource [getConnection:109] - HikariPool-1 - Starting...

28-06-2026 04:02:41.192 INFO  [Test worker] [] c.z.h.pool.HikariPool [checkFailFast:580] - HikariPool-1 - Added connection com.mysql.cj.jdbc.ConnectionImpl@df34b01

28-06-2026 04:02:41.197 INFO  [Test worker] [] c.z.h.HikariDataSource [getConnection:122] - HikariPool-1 - Start completed.

28-06-2026 04:02:41.306 WARN  [Test worker] [] o.h.orm.deprecation [constructDialect:152] - HHH90000025: MySQLDialect does not need to be specified explicitly using 'hibernate.dialect' (remove the property setting and it will be selected by default)

28-06-2026 04:02:41.339 INFO  [Test worker] [] o.h.o.connections.pooling [logConnectionInfo:179] - HHH10001005: Database info:
	Database JDBC URL [jdbc:mysql://localhost:3306/rikkei_bank?createDatabaseIfNotExist=true&useSSL=false&serverTimezone=UTC&characterEncoding=UTF-8&allowPublicKeyRetrieval=true]
	Database driver: MySQL Connector/J
	Database dialect: MySQLDialect
	Database version: 8.0.43
	Default catalog/schema: rikkei_bank/undefined
	Autocommit mode: undefined/unknown
	Isolation level: REPEATABLE_READ [default REPEATABLE_READ]
	JDBC fetch size: none
	Pool: DataSourceConnectionProvider
	Minimum pool size: undefined/unknown
	Maximum pool size: undefined/unknown

28-06-2026 04:02:43.264 INFO  [Test worker] [] org.hibernate.orm.core [initiateService:53] - HHH000489: No JTA platform available (set 'hibernate.transaction.jta.platform' to enable JTA platform integration)

28-06-2026 04:02:43.392 INFO  [Test worker] [] o.s.o.j.LocalContainerEntityManagerFactoryBean [buildNativeEntityManagerFactory:464] - Initialized JPA EntityManagerFactory for persistence unit 'default'

28-06-2026 04:02:43.616 INFO  [Test worker] [] o.s.d.j.r.q.QueryEnhancerFactories [<clinit>:48] - Hibernate is in classpath; If applicable, HQL parser will be used.

28-06-2026 04:02:47.022 INFO  [Test worker] [] o.s.s.c.a.a.c.InitializeAuthenticationProviderBeanManagerConfigurer$InitializeAuthenticationProviderManagerConfigurer [configure:80] - Global AuthenticationManager configured with AuthenticationProvider bean with name authenticationProvider

28-06-2026 04:02:47.032 WARN  [Test worker] [] o.s.s.c.a.a.c.InitializeUserDetailsBeanManagerConfigurer$InitializeUserDetailsManagerConfigurer [configure:73] - Global AuthenticationManager configured with an AuthenticationProvider bean. UserDetailsService beans will not be used by Spring Security for automatically configuring username/password login. Consider removing the AuthenticationProvider bean. Alternatively, consider using the UserDetailsService in a manually instantiated DaoAuthenticationProvider. If the current configuration is intentional, to turn off this warning, increase the logging level of 'org.springframework.security.config.annotation.authentication.configuration.InitializeUserDetailsBeanManagerConfigurer' to ERROR

28-06-2026 04:02:47.520 WARN  [Test worker] [] o.s.b.j.a.JpaBaseConfiguration$JpaWebConfiguration [openEntityManagerInViewInterceptor:261] - spring.jpa.open-in-view is enabled by default. Therefore, database queries may be performed during view rendering. Explicitly configure spring.jpa.open-in-view to disable this warning

28-06-2026 04:02:49.728 INFO  [Test worker] [] o.s.b.a.e.w.EndpointLinksResolver [<init>:60] - Exposing 2 endpoints beneath base path '/actuator'

28-06-2026 04:02:49.859 INFO  [Test worker] [] c.p.r.RikkeiBankApplicationTests [logStarted:60] - Started RikkeiBankApplicationTests in 15.902 seconds (process running for 18.463)

28-06-2026 04:02:51.303 INFO  [Test worker] [] o.s.m.w.MockServletContext [log:431] - Initializing Spring TestDispatcherServlet ''

28-06-2026 04:02:51.308 INFO  [Test worker] [] o.s.t.w.s.TestDispatcherServlet [initServletBean:523] - Initializing Servlet ''

28-06-2026 04:02:51.312 INFO  [Test worker] [] o.s.t.w.s.TestDispatcherServlet [initServletBean:545] - Completed initialization in 4 ms

28-06-2026 04:02:52.509 INFO  [Test worker] [] o.s.m.w.MockServletContext [log:431] - Initializing Spring TestDispatcherServlet ''

28-06-2026 04:02:52.512 INFO  [Test worker] [] o.s.t.w.s.TestDispatcherServlet [initServletBean:523] - Initializing Servlet ''

28-06-2026 04:02:52.513 INFO  [Test worker] [] o.s.t.w.s.TestDispatcherServlet [initServletBean:545] - Completed initialization in 0 ms

28-06-2026 04:02:52.745 INFO  [Test worker] [] o.s.m.w.MockServletContext [log:431] - Initializing Spring TestDispatcherServlet ''

28-06-2026 04:02:52.745 INFO  [Test worker] [] o.s.t.w.s.TestDispatcherServlet [initServletBean:523] - Initializing Servlet ''

28-06-2026 04:02:52.750 INFO  [Test worker] [] o.s.t.w.s.TestDispatcherServlet [initServletBean:545] - Completed initialization in 0 ms

28-06-2026 04:02:52.867 INFO  [Test worker] [] o.s.m.w.MockServletContext [log:431] - Initializing Spring TestDispatcherServlet ''

28-06-2026 04:02:52.872 INFO  [Test worker] [] o.s.t.w.s.TestDispatcherServlet [initServletBean:523] - Initializing Servlet ''

28-06-2026 04:02:52.875 INFO  [Test worker] [] o.s.t.w.s.TestDispatcherServlet [initServletBean:545] - Completed initialization in 0 ms

28-06-2026 04:02:52.968 WARN  [Test worker] [] o.s.w.s.m.s.DefaultHandlerExceptionResolver [logException:248] - Resolved [org.springframework.web.bind.MethodArgumentNotValidException: Validation failed for argument [1] in public org.springframework.http.ResponseEntity<com.ptit.rikkei_bank.dto.response.ApiResponse<java.lang.Void>> com.ptit.rikkei_bank.controller.UserController.changePassword(com.ptit.rikkei_bank.security.CustomUserDetails,com.ptit.rikkei_bank.dto.request.ChangePasswordRequest) with 2 errors: [Field error in object 'changePasswordRequest' on field 'oldPassword': rejected value []; codes [NotBlank.changePasswordRequest.oldPassword,NotBlank.oldPassword,NotBlank.java.lang.String,NotBlank]; arguments [org.springframework.context.support.DefaultMessageSourceResolvable: codes [changePasswordRequest.oldPassword,oldPassword]; arguments []; default message [oldPassword]]; default message [Mß║Łt khß║®u c┼® kh├┤ng ─æŲ░ß╗Żc ─æß╗ā trß╗æng]] [Field error in object 'changePasswordRequest' on field 'newPassword': rejected value []; codes [NotBlank.changePasswordRequest.newPassword,NotBlank.newPassword,NotBlank.java.lang.String,NotBlank]; arguments [org.springframework.context.support.DefaultMessageSourceResolvable: codes [changePasswordRequest.newPassword,newPassword]; arguments []; default message [newPassword]]; default message [Mß║Łt khß║®u mß╗øi kh├┤ng ─æŲ░ß╗Żc ─æß╗ā trß╗æng]] ]

28-06-2026 04:02:53.006 INFO  [Test worker] [] o.s.m.w.MockServletContext [log:431] - Initializing Spring TestDispatcherServlet ''

28-06-2026 04:02:53.009 INFO  [Test worker] [] o.s.t.w.s.TestDispatcherServlet [initServletBean:523] - Initializing Servlet ''

28-06-2026 04:02:53.011 INFO  [Test worker] [] o.s.t.w.s.TestDispatcherServlet [initServletBean:545] - Completed initialization in 0 ms

28-06-2026 04:02:53.815 INFO  [SpringApplicationShutdownHook] [] o.s.o.j.LocalContainerEntityManagerFactoryBean [destroy:693] - Closing JPA EntityManagerFactory for persistence unit 'default'

28-06-2026 04:02:53.826 INFO  [SpringApplicationShutdownHook] [] c.z.h.HikariDataSource [close:349] - HikariPool-1 - Shutdown initiated...

28-06-2026 04:02:53.862 INFO  [SpringApplicationShutdownHook] [] c.z.h.HikariDataSource [close:351] - HikariPool-1 - Shutdown completed.

28-06-2026 04:03:30.960 INFO  [SpringApplicationShutdownHook] [] o.s.b.t.GracefulShutdown [shutDownGracefully:54] - Commencing graceful shutdown. Waiting for active requests to complete

28-06-2026 04:03:30.968 INFO  [tomcat-shutdown] [] o.s.b.t.GracefulShutdown [doShutdown:76] - Graceful shutdown complete

28-06-2026 04:03:30.979 INFO  [SpringApplicationShutdownHook] [] o.s.o.j.LocalContainerEntityManagerFactoryBean [destroy:693] - Closing JPA EntityManagerFactory for persistence unit 'default'

28-06-2026 04:03:30.980 INFO  [SpringApplicationShutdownHook] [] c.z.h.HikariDataSource [close:349] - HikariPool-2 - Shutdown initiated...

28-06-2026 04:03:30.986 INFO  [SpringApplicationShutdownHook] [] c.z.h.HikariDataSource [close:351] - HikariPool-2 - Shutdown completed.

28-06-2026 04:03:35.687 INFO  [restartedMain] [] c.p.r.RikkeiBankApplication [logStarting:54] - Starting RikkeiBankApplication using Java 21.0.10 with PID 17048 (D:\Phan Trung Ki├¬n - PTIT\JAVA WEB SERVICE\Rikkei Bank\build\classes\java\main started by KienPhan in D:\Phan Trung Ki├¬n - PTIT\JAVA WEB SERVICE\Rikkei Bank)

28-06-2026 04:03:35.691 INFO  [restartedMain] [] c.p.r.RikkeiBankApplication [logStartupProfileInfo:652] - No active profile set, falling back to 1 default profile: "default"

28-06-2026 04:03:35.790 INFO  [restartedMain] [] o.s.b.d.e.DevToolsPropertyDefaultsPostProcessor [log:69] - Devtools property defaults active! Set 'spring.devtools.add-properties' to 'false' to disable

28-06-2026 04:03:35.791 INFO  [restartedMain] [] o.s.b.d.e.DevToolsPropertyDefaultsPostProcessor [log:69] - For additional web related logging consider setting the 'logging.level.web' property to 'DEBUG'

28-06-2026 04:03:37.368 INFO  [restartedMain] [] o.s.d.r.c.RepositoryConfigurationDelegate [multipleStoresDetected:291] - Multiple Spring Data modules found, entering strict repository configuration mode

28-06-2026 04:03:37.374 INFO  [restartedMain] [] o.s.d.r.c.RepositoryConfigurationDelegate [registerRepositoriesIn:145] - Bootstrapping Spring Data JPA repositories in DEFAULT mode.

28-06-2026 04:03:37.857 INFO  [restartedMain] [] o.s.d.r.c.RepositoryConfigurationDelegate [registerRepositoriesIn:213] - Finished Spring Data repository scanning in 454 ms. Found 7 JPA repository interfaces.

28-06-2026 04:03:37.969 INFO  [restartedMain] [] o.s.d.r.c.RepositoryConfigurationDelegate [multipleStoresDetected:291] - Multiple Spring Data modules found, entering strict repository configuration mode

28-06-2026 04:03:37.972 INFO  [restartedMain] [] o.s.d.r.c.RepositoryConfigurationDelegate [registerRepositoriesIn:145] - Bootstrapping Spring Data Redis repositories in DEFAULT mode.

28-06-2026 04:03:38.016 INFO  [restartedMain] [] o.s.d.r.c.RepositoryConfigurationExtensionSupport [isStrictRepositoryCandidate:327] - Spring Data Redis - Could not safely identify store assignment for repository candidate interface com.ptit.rikkei_bank.repository.AccountRepository; If you want this repository to be a Redis repository, consider annotating your entities with one of these annotations: org.springframework.data.redis.core.RedisHash (preferred), or consider extending one of the following types with your repository: org.springframework.data.keyvalue.repository.KeyValueRepository

28-06-2026 04:03:38.018 INFO  [restartedMain] [] o.s.d.r.c.RepositoryConfigurationExtensionSupport [isStrictRepositoryCandidate:327] - Spring Data Redis - Could not safely identify store assignment for repository candidate interface com.ptit.rikkei_bank.repository.KycProfileRepository; If you want this repository to be a Redis repository, consider annotating your entities with one of these annotations: org.springframework.data.redis.core.RedisHash (preferred), or consider extending one of the following types with your repository: org.springframework.data.keyvalue.repository.KeyValueRepository

28-06-2026 04:03:38.019 INFO  [restartedMain] [] o.s.d.r.c.RepositoryConfigurationExtensionSupport [isStrictRepositoryCandidate:327] - Spring Data Redis - Could not safely identify store assignment for repository candidate interface com.ptit.rikkei_bank.repository.RefreshTokenRepository; If you want this repository to be a Redis repository, consider annotating your entities with one of these annotations: org.springframework.data.redis.core.RedisHash (preferred), or consider extending one of the following types with your repository: org.springframework.data.keyvalue.repository.KeyValueRepository

28-06-2026 04:03:38.021 INFO  [restartedMain] [] o.s.d.r.c.RepositoryConfigurationExtensionSupport [isStrictRepositoryCandidate:327] - Spring Data Redis - Could not safely identify store assignment for repository candidate interface com.ptit.rikkei_bank.repository.RoleRepository; If you want this repository to be a Redis repository, consider annotating your entities with one of these annotations: org.springframework.data.redis.core.RedisHash (preferred), or consider extending one of the following types with your repository: org.springframework.data.keyvalue.repository.KeyValueRepository

28-06-2026 04:03:38.022 INFO  [restartedMain] [] o.s.d.r.c.RepositoryConfigurationExtensionSupport [isStrictRepositoryCandidate:327] - Spring Data Redis - Could not safely identify store assignment for repository candidate interface com.ptit.rikkei_bank.repository.TokenBlackListRepository; If you want this repository to be a Redis repository, consider annotating your entities with one of these annotations: org.springframework.data.redis.core.RedisHash (preferred), or consider extending one of the following types with your repository: org.springframework.data.keyvalue.repository.KeyValueRepository

28-06-2026 04:03:38.023 INFO  [restartedMain] [] o.s.d.r.c.RepositoryConfigurationExtensionSupport [isStrictRepositoryCandidate:327] - Spring Data Redis - Could not safely identify store assignment for repository candidate interface com.ptit.rikkei_bank.repository.TransactionRepository; If you want this repository to be a Redis repository, consider annotating your entities with one of these annotations: org.springframework.data.redis.core.RedisHash (preferred), or consider extending one of the following types with your repository: org.springframework.data.keyvalue.repository.KeyValueRepository

28-06-2026 04:03:38.024 INFO  [restartedMain] [] o.s.d.r.c.RepositoryConfigurationExtensionSupport [isStrictRepositoryCandidate:327] - Spring Data Redis - Could not safely identify store assignment for repository candidate interface com.ptit.rikkei_bank.repository.UserRepository; If you want this repository to be a Redis repository, consider annotating your entities with one of these annotations: org.springframework.data.redis.core.RedisHash (preferred), or consider extending one of the following types with your repository: org.springframework.data.keyvalue.repository.KeyValueRepository

28-06-2026 04:03:38.024 INFO  [restartedMain] [] o.s.d.r.c.RepositoryConfigurationDelegate [registerRepositoriesIn:213] - Finished Spring Data repository scanning in 31 ms. Found 0 Redis repository interfaces.

28-06-2026 04:03:39.972 INFO  [restartedMain] [] o.s.b.t.TomcatWebServer [initialize:114] - Tomcat initialized with port 8080 (http)

28-06-2026 04:03:40.003 INFO  [restartedMain] [] o.a.c.c.StandardService [log:168] - Starting service [Tomcat]

28-06-2026 04:03:40.003 INFO  [restartedMain] [] o.a.c.core.StandardEngine [log:168] - Starting Servlet engine: [Apache Tomcat/11.0.22]

28-06-2026 04:03:40.139 INFO  [restartedMain] [] o.s.b.w.c.s.WebApplicationContextInitializer [prepareWebApplicationContext:77] - Root WebApplicationContext: initialization completed in 4340 ms

28-06-2026 04:03:40.922 INFO  [restartedMain] [] org.hibernate.orm.jpa [logPersistenceUnitInformation:102] - HHH008540: Processing PersistenceUnitInfo [name: default]

28-06-2026 04:03:41.042 INFO  [restartedMain] [] org.hibernate.orm.core [logVersion:41] - HHH000001: Hibernate ORM core version 7.4.1.Final

28-06-2026 04:03:42.392 INFO  [restartedMain] [] o.s.o.j.p.SpringPersistenceUnitInfo [addTransformer:129] - No LoadTimeWeaver setup: ignoring JPA class transformer

28-06-2026 04:03:42.475 INFO  [restartedMain] [] c.z.h.HikariDataSource [getConnection:109] - HikariPool-1 - Starting...

28-06-2026 04:03:42.852 INFO  [restartedMain] [] c.z.h.pool.HikariPool [checkFailFast:580] - HikariPool-1 - Added connection com.mysql.cj.jdbc.ConnectionImpl@491cb150

28-06-2026 04:03:42.852 INFO  [restartedMain] [] c.z.h.HikariDataSource [getConnection:122] - HikariPool-1 - Start completed.

28-06-2026 04:03:42.981 WARN  [restartedMain] [] o.h.orm.deprecation [constructDialect:152] - HHH90000025: MySQLDialect does not need to be specified explicitly using 'hibernate.dialect' (remove the property setting and it will be selected by default)

28-06-2026 04:03:43.022 INFO  [restartedMain] [] o.h.o.connections.pooling [logConnectionInfo:179] - HHH10001005: Database info:
	Database JDBC URL [jdbc:mysql://localhost:3306/rikkei_bank?createDatabaseIfNotExist=true&useSSL=false&serverTimezone=UTC&characterEncoding=UTF-8&allowPublicKeyRetrieval=true]
	Database driver: MySQL Connector/J
	Database dialect: MySQLDialect
	Database version: 8.0.43
	Default catalog/schema: rikkei_bank/undefined
	Autocommit mode: undefined/unknown
	Isolation level: REPEATABLE_READ [default REPEATABLE_READ]
	JDBC fetch size: none
	Pool: DataSourceConnectionProvider
	Minimum pool size: undefined/unknown
	Maximum pool size: undefined/unknown

28-06-2026 04:03:45.872 INFO  [restartedMain] [] org.hibernate.orm.core [initiateService:53] - HHH000489: No JTA platform available (set 'hibernate.transaction.jta.platform' to enable JTA platform integration)

28-06-2026 04:03:46.052 INFO  [restartedMain] [] o.s.o.j.LocalContainerEntityManagerFactoryBean [buildNativeEntityManagerFactory:464] - Initialized JPA EntityManagerFactory for persistence unit 'default'

28-06-2026 04:03:46.212 INFO  [restartedMain] [] o.s.d.j.r.q.QueryEnhancerFactories [<clinit>:48] - Hibernate is in classpath; If applicable, HQL parser will be used.

28-06-2026 04:03:49.391 INFO  [restartedMain] [] o.s.s.c.a.a.c.InitializeAuthenticationProviderBeanManagerConfigurer$InitializeAuthenticationProviderManagerConfigurer [configure:80] - Global AuthenticationManager configured with AuthenticationProvider bean with name authenticationProvider

28-06-2026 04:03:49.392 WARN  [restartedMain] [] o.s.s.c.a.a.c.InitializeUserDetailsBeanManagerConfigurer$InitializeUserDetailsManagerConfigurer [configure:73] - Global AuthenticationManager configured with an AuthenticationProvider bean. UserDetailsService beans will not be used by Spring Security for automatically configuring username/password login. Consider removing the AuthenticationProvider bean. Alternatively, consider using the UserDetailsService in a manually instantiated DaoAuthenticationProvider. If the current configuration is intentional, to turn off this warning, increase the logging level of 'org.springframework.security.config.annotation.authentication.configuration.InitializeUserDetailsBeanManagerConfigurer' to ERROR

28-06-2026 04:03:49.800 WARN  [restartedMain] [] o.s.b.j.a.JpaBaseConfiguration$JpaWebConfiguration [openEntityManagerInViewInterceptor:261] - spring.jpa.open-in-view is enabled by default. Therefore, database queries may be performed during view rendering. Explicitly configure spring.jpa.open-in-view to disable this warning

28-06-2026 04:03:51.666 INFO  [restartedMain] [] o.s.b.a.e.w.EndpointLinksResolver [<init>:60] - Exposing 2 endpoints beneath base path '/actuator'

28-06-2026 04:03:51.885 INFO  [restartedMain] [] o.s.b.t.TomcatWebServer [start:240] - Tomcat started on port 8080 (http) with context path '/'

28-06-2026 04:03:51.912 INFO  [restartedMain] [] c.p.r.RikkeiBankApplication [logStarted:60] - Started RikkeiBankApplication in 17.003 seconds (process running for 17.833)

28-06-2026 04:07:09.193 INFO  [http-nio-8080-exec-2] [] o.a.c.c.C.[.[.[/] [log:168] - Initializing Spring DispatcherServlet 'dispatcherServlet'

28-06-2026 04:07:09.193 INFO  [http-nio-8080-exec-2] [] o.s.w.s.DispatcherServlet [initServletBean:523] - Initializing Servlet 'dispatcherServlet'

28-06-2026 04:07:09.200 INFO  [http-nio-8080-exec-2] [] o.s.w.s.DispatcherServlet [initServletBean:545] - Completed initialization in 7 ms

28-06-2026 04:07:25.956 INFO  [http-nio-8080-exec-3] [2d0eb77553] c.p.r.aop.LoggingAspect [logAround:33] - Enter - Class: c.p.r.c.AuthController - Method: login() - Arguments: [LoginRequest(username=testuser)]

28-06-2026 04:07:25.972 INFO  [http-nio-8080-exec-3] [2d0eb77553] c.p.r.aop.LoggingAspect [logAround:33] - Enter - Class: c.p.r.s.i.AuthServiceImpl - Method: login() - Arguments: [LoginRequest(username=testuser)]

28-06-2026 04:07:26.977 INFO  [http-nio-8080-exec-3] [2d0eb77553] c.p.r.aop.LoggingAspect [logAround:40] - Exit - Class: c.p.r.s.i.AuthServiceImpl - Method: login() - Result: com.ptit.rikkei_bank.dto.response.AuthResponse@75b84975 - Execution time: 1005 ms

28-06-2026 04:07:27.052 INFO  [http-nio-8080-exec-3] [2d0eb77553] c.p.r.aop.LoggingAspect [logAround:40] - Exit - Class: c.p.r.c.AuthController - Method: login() - Result Body: ApiResponse(success=true, code=200, message=─É─āng nhß║Łp th├Ānh c├┤ng, data=com.ptit.rikkei_bank.dto.response.AuthResponse@75b84975, errors=null, timestamp=2026-06-28T04:07:27.035564) - Status: 200 OK - Headers: [] - Execution time: 1089 ms

28-06-2026 04:07:35.106 INFO  [http-nio-8080-exec-5] [78e9135488] c.p.r.aop.LoggingAspect [logAround:33] - Enter - Class: c.p.r.s.i.RedisTokenBlacklistServiceImpl - Method: isBlacklisted() - Arguments: [eyJhbGciOiJIUzI1NiJ9.eyJzdWIiOiJ0ZXN0dXNlciIsImlhdCI6MTc4MjU5NDQ0NiwiZXhwIjoxNzgyNTk0NzQ2fQ.DkHVvu_6MA6IhhEkXR5dITyysjJjaW0vlpz7zFC8upw]

28-06-2026 04:07:36.172 WARN  [http-nio-8080-exec-5] [78e9135488] c.p.r.s.i.RedisTokenBlacklistServiceImpl [isBlacklisted:45] - [Redis] Redis is unavailable, falling back to local memory cache. Error: Unable to connect to Redis

28-06-2026 04:07:36.172 INFO  [http-nio-8080-exec-5] [78e9135488] c.p.r.aop.LoggingAspect [logAround:40] - Exit - Class: c.p.r.s.i.RedisTokenBlacklistServiceImpl - Method: isBlacklisted() - Result: false - Execution time: 1066 ms

28-06-2026 04:07:48.922 INFO  [http-nio-8080-exec-6] [238ac9e70d] c.p.r.aop.LoggingAspect [logAround:33] - Enter - Class: c.p.r.s.i.RedisTokenBlacklistServiceImpl - Method: isBlacklisted() - Arguments: [eyJhbGciOiJIUzI1NiJ9.eyJzdWIiOiJ0ZXN0dXNlciIsImlhdCI6MTc4MjU5NDQ0NiwiZXhwIjoxNzgyNTk0NzQ2fQ.DkHVvu_6MA6IhhEkXR5dITyysjJjaW0vlpz7zFC8upw]

28-06-2026 04:07:48.922 INFO  [http-nio-8080-exec-6] [238ac9e70d] c.p.r.aop.LoggingAspect [logAround:40] - Exit - Class: c.p.r.s.i.RedisTokenBlacklistServiceImpl - Method: isBlacklisted() - Result: false - Execution time: 1 ms

28-06-2026 04:07:58.912 INFO  [http-nio-8080-exec-7] [bd0b7e7bc6] c.p.r.aop.LoggingAspect [logAround:33] - Enter - Class: c.p.r.s.i.RedisTokenBlacklistServiceImpl - Method: isBlacklisted() - Arguments: [eyJhbGciOiJIUzI1NiJ9.eyJzdWIiOiJ0ZXN0dXNlciIsImlhdCI6MTc4MjU5NDQ0NiwiZXhwIjoxNzgyNTk0NzQ2fQ.DkHVvu_6MA6IhhEkXR5dITyysjJjaW0vlpz7zFC8upw]

28-06-2026 04:07:58.914 INFO  [http-nio-8080-exec-7] [bd0b7e7bc6] c.p.r.aop.LoggingAspect [logAround:40] - Exit - Class: c.p.r.s.i.RedisTokenBlacklistServiceImpl - Method: isBlacklisted() - Result: false - Execution time: 2 ms

28-06-2026 04:07:58.965 INFO  [http-nio-8080-exec-7] [bd0b7e7bc6] c.p.r.aop.LoggingAspect [logAround:33] - Enter - Class: c.p.r.c.UserController - Method: changePassword() - Arguments: [com.ptit.rikkei_bank.security.CustomUserDetails@77bbdb4f, com.ptit.rikkei_bank.dto.request.ChangePasswordRequest@605c6bb1]

28-06-2026 04:07:58.970 INFO  [http-nio-8080-exec-7] [bd0b7e7bc6] c.p.r.aop.LoggingAspect [logAround:33] - Enter - Class: c.p.r.s.i.UserServiceImpl - Method: changePassword() - Arguments: [1, 123456, newpassword]

28-06-2026 04:07:59.342 INFO  [http-nio-8080-exec-7] [bd0b7e7bc6] c.p.r.aop.LoggingAspect [logAround:40] - Exit - Class: c.p.r.s.i.UserServiceImpl - Method: changePassword() - Result: null - Execution time: 372 ms

28-06-2026 04:07:59.360 INFO  [http-nio-8080-exec-7] [bd0b7e7bc6] c.p.r.aop.LoggingAspect [logAround:40] - Exit - Class: c.p.r.c.UserController - Method: changePassword() - Result Body: ApiResponse(success=true, code=200, message=─Éß╗Ģi mß║Łt khß║®u th├Ānh c├┤ng!, data=null, errors=null, timestamp=2026-06-28T04:07:59.358965600) - Status: 200 OK - Headers: [] - Execution time: 393 ms

28-06-2026 04:08:11.279 INFO  [http-nio-8080-exec-8] [69c5464576] c.p.r.aop.LoggingAspect [logAround:33] - Enter - Class: c.p.r.c.AuthController - Method: login() - Arguments: [LoginRequest(username=testuser)]

28-06-2026 04:08:11.287 INFO  [http-nio-8080-exec-8] [69c5464576] c.p.r.aop.LoggingAspect [logAround:33] - Enter - Class: c.p.r.s.i.AuthServiceImpl - Method: login() - Arguments: [LoginRequest(username=testuser)]

28-06-2026 04:08:11.522 WARN  [http-nio-8080-exec-8] [69c5464576] c.p.r.aop.LoggingAspect [logAround:44] - Business warning - Class: c.p.r.s.i.AuthServiceImpl - Method: login() - Message: ─É─āng nhß║Łp thß║źt bß║Īi. Sai t├Āi khoß║Żn hoß║Ęc mß║Łt khß║®u!

28-06-2026 04:08:11.536 WARN  [http-nio-8080-exec-8] [69c5464576] c.p.r.aop.LoggingAspect [logAround:44] - Business warning - Class: c.p.r.c.AuthController - Method: login() - Message: ─É─āng nhß║Łp thß║źt bß║Īi. Sai t├Āi khoß║Żn hoß║Ęc mß║Łt khß║®u!

28-06-2026 04:08:18.152 INFO  [http-nio-8080-exec-9] [98b4c6824e] c.p.r.aop.LoggingAspect [logAround:33] - Enter - Class: c.p.r.c.AuthController - Method: login() - Arguments: [LoginRequest(username=testuser)]

28-06-2026 04:08:18.157 INFO  [http-nio-8080-exec-9] [98b4c6824e] c.p.r.aop.LoggingAspect [logAround:33] - Enter - Class: c.p.r.s.i.AuthServiceImpl - Method: login() - Arguments: [LoginRequest(username=testuser)]

28-06-2026 04:08:18.371 INFO  [http-nio-8080-exec-9] [98b4c6824e] c.p.r.aop.LoggingAspect [logAround:40] - Exit - Class: c.p.r.s.i.AuthServiceImpl - Method: login() - Result: com.ptit.rikkei_bank.dto.response.AuthResponse@4aef30 - Execution time: 214 ms

28-06-2026 04:08:18.392 INFO  [http-nio-8080-exec-9] [98b4c6824e] c.p.r.aop.LoggingAspect [logAround:40] - Exit - Class: c.p.r.c.AuthController - Method: login() - Result Body: ApiResponse(success=true, code=200, message=─É─āng nhß║Łp th├Ānh c├┤ng, data=com.ptit.rikkei_bank.dto.response.AuthResponse@4aef30, errors=null, timestamp=2026-06-28T04:08:18.392543200) - Status: 200 OK - Headers: [] - Execution time: 240 ms

28-06-2026 04:08:22.937 INFO  [http-nio-8080-exec-10] [061300c653] c.p.r.aop.LoggingAspect [logAround:33] - Enter - Class: c.p.r.s.i.RedisTokenBlacklistServiceImpl - Method: isBlacklisted() - Arguments: [eyJhbGciOiJIUzI1NiJ9.eyJzdWIiOiJ0ZXN0dXNlciIsImlhdCI6MTc4MjU5NDQ5OCwiZXhwIjoxNzgyNTk0Nzk4fQ.f-2xDVUesSPom75Jq-7-JYxbLSkUfjVuKFIy0NYgn4o]

28-06-2026 04:08:22.938 INFO  [http-nio-8080-exec-10] [061300c653] c.p.r.aop.LoggingAspect [logAround:40] - Exit - Class: c.p.r.s.i.RedisTokenBlacklistServiceImpl - Method: isBlacklisted() - Result: false - Execution time: 1 ms

28-06-2026 04:08:22.958 INFO  [http-nio-8080-exec-10] [061300c653] c.p.r.aop.LoggingAspect [logAround:33] - Enter - Class: c.p.r.c.UserController - Method: changePassword() - Arguments: [com.ptit.rikkei_bank.security.CustomUserDetails@5f19a598, com.ptit.rikkei_bank.dto.request.ChangePasswordRequest@3951cc00]

28-06-2026 04:08:22.963 INFO  [http-nio-8080-exec-10] [061300c653] c.p.r.aop.LoggingAspect [logAround:33] - Enter - Class: c.p.r.s.i.UserServiceImpl - Method: changePassword() - Arguments: [1, 123456, newpassword]

28-06-2026 04:08:23.143 WARN  [http-nio-8080-exec-10] [061300c653] c.p.r.aop.LoggingAspect [logAround:44] - Business warning - Class: c.p.r.s.i.UserServiceImpl - Method: changePassword() - Message: Mß║Łt khß║®u c┼® kh├┤ng ch├Łnh x├Īc!

28-06-2026 04:08:23.148 WARN  [http-nio-8080-exec-10] [061300c653] c.p.r.aop.LoggingAspect [logAround:44] - Business warning - Class: c.p.r.c.UserController - Method: changePassword() - Message: Mß║Łt khß║®u c┼® kh├┤ng ch├Łnh x├Īc!

28-06-2026 04:12:26.008 INFO  [File Watcher] [] o.s.b.d.a.LocalDevToolsAutoConfiguration$RestartingClassPathChangeChangedEventListener [onApplicationEvent:216] - Restarting due to 1 class path change (1 addition, 0 deletions, 0 modifications)

28-06-2026 04:12:26.024 INFO  [Thread-1] [] o.s.b.t.GracefulShutdown [shutDownGracefully:54] - Commencing graceful shutdown. Waiting for active requests to complete

28-06-2026 04:12:26.033 INFO  [tomcat-shutdown] [] o.s.b.t.GracefulShutdown [doShutdown:76] - Graceful shutdown complete

28-06-2026 04:12:26.134 INFO  [Thread-1] [] o.s.o.j.LocalContainerEntityManagerFactoryBean [destroy:693] - Closing JPA EntityManagerFactory for persistence unit 'default'

28-06-2026 04:12:26.142 INFO  [Thread-1] [] c.z.h.HikariDataSource [close:349] - HikariPool-1 - Shutdown initiated...

28-06-2026 04:12:26.161 INFO  [Thread-1] [] c.z.h.HikariDataSource [close:351] - HikariPool-1 - Shutdown completed.

28-06-2026 04:12:26.408 INFO  [restartedMain] [] c.p.r.RikkeiBankApplication [logStarting:54] - Starting RikkeiBankApplication using Java 21.0.10 with PID 17048 (D:\Phan Trung Ki├¬n - PTIT\JAVA WEB SERVICE\Rikkei Bank\build\classes\java\main started by KienPhan in D:\Phan Trung Ki├¬n - PTIT\JAVA WEB SERVICE\Rikkei Bank)

28-06-2026 04:12:26.408 INFO  [restartedMain] [] c.p.r.RikkeiBankApplication [logStartupProfileInfo:652] - No active profile set, falling back to 1 default profile: "default"

28-06-2026 04:12:27.188 INFO  [restartedMain] [] o.s.d.r.c.RepositoryConfigurationDelegate [multipleStoresDetected:291] - Multiple Spring Data modules found, entering strict repository configuration mode

28-06-2026 04:12:27.188 INFO  [restartedMain] [] o.s.d.r.c.RepositoryConfigurationDelegate [registerRepositoriesIn:145] - Bootstrapping Spring Data JPA repositories in DEFAULT mode.

28-06-2026 04:12:27.255 INFO  [restartedMain] [] o.s.d.r.c.RepositoryConfigurationDelegate [registerRepositoriesIn:213] - Finished Spring Data repository scanning in 59 ms. Found 7 JPA repository interfaces.

28-06-2026 04:12:27.280 INFO  [restartedMain] [] o.s.d.r.c.RepositoryConfigurationDelegate [multipleStoresDetected:291] - Multiple Spring Data modules found, entering strict repository configuration mode

28-06-2026 04:12:27.282 INFO  [restartedMain] [] o.s.d.r.c.RepositoryConfigurationDelegate [registerRepositoriesIn:145] - Bootstrapping Spring Data Redis repositories in DEFAULT mode.

28-06-2026 04:12:27.296 INFO  [restartedMain] [] o.s.d.r.c.RepositoryConfigurationExtensionSupport [isStrictRepositoryCandidate:327] - Spring Data Redis - Could not safely identify store assignment for repository candidate interface com.ptit.rikkei_bank.repository.AccountRepository; If you want this repository to be a Redis repository, consider annotating your entities with one of these annotations: org.springframework.data.redis.core.RedisHash (preferred), or consider extending one of the following types with your repository: org.springframework.data.keyvalue.repository.KeyValueRepository

28-06-2026 04:12:27.296 INFO  [restartedMain] [] o.s.d.r.c.RepositoryConfigurationExtensionSupport [isStrictRepositoryCandidate:327] - Spring Data Redis - Could not safely identify store assignment for repository candidate interface com.ptit.rikkei_bank.repository.KycProfileRepository; If you want this repository to be a Redis repository, consider annotating your entities with one of these annotations: org.springframework.data.redis.core.RedisHash (preferred), or consider extending one of the following types with your repository: org.springframework.data.keyvalue.repository.KeyValueRepository

28-06-2026 04:12:27.298 INFO  [restartedMain] [] o.s.d.r.c.RepositoryConfigurationExtensionSupport [isStrictRepositoryCandidate:327] - Spring Data Redis - Could not safely identify store assignment for repository candidate interface com.ptit.rikkei_bank.repository.RefreshTokenRepository; If you want this repository to be a Redis repository, consider annotating your entities with one of these annotations: org.springframework.data.redis.core.RedisHash (preferred), or consider extending one of the following types with your repository: org.springframework.data.keyvalue.repository.KeyValueRepository

28-06-2026 04:12:27.298 INFO  [restartedMain] [] o.s.d.r.c.RepositoryConfigurationExtensionSupport [isStrictRepositoryCandidate:327] - Spring Data Redis - Could not safely identify store assignment for repository candidate interface com.ptit.rikkei_bank.repository.RoleRepository; If you want this repository to be a Redis repository, consider annotating your entities with one of these annotations: org.springframework.data.redis.core.RedisHash (preferred), or consider extending one of the following types with your repository: org.springframework.data.keyvalue.repository.KeyValueRepository

28-06-2026 04:12:27.299 INFO  [restartedMain] [] o.s.d.r.c.RepositoryConfigurationExtensionSupport [isStrictRepositoryCandidate:327] - Spring Data Redis - Could not safely identify store assignment for repository candidate interface com.ptit.rikkei_bank.repository.TokenBlackListRepository; If you want this repository to be a Redis repository, consider annotating your entities with one of these annotations: org.springframework.data.redis.core.RedisHash (preferred), or consider extending one of the following types with your repository: org.springframework.data.keyvalue.repository.KeyValueRepository

28-06-2026 04:12:27.299 INFO  [restartedMain] [] o.s.d.r.c.RepositoryConfigurationExtensionSupport [isStrictRepositoryCandidate:327] - Spring Data Redis - Could not safely identify store assignment for repository candidate interface com.ptit.rikkei_bank.repository.TransactionRepository; If you want this repository to be a Redis repository, consider annotating your entities with one of these annotations: org.springframework.data.redis.core.RedisHash (preferred), or consider extending one of the following types with your repository: org.springframework.data.keyvalue.repository.KeyValueRepository

28-06-2026 04:12:27.299 INFO  [restartedMain] [] o.s.d.r.c.RepositoryConfigurationExtensionSupport [isStrictRepositoryCandidate:327] - Spring Data Redis - Could not safely identify store assignment for repository candidate interface com.ptit.rikkei_bank.repository.UserRepository; If you want this repository to be a Redis repository, consider annotating your entities with one of these annotations: org.springframework.data.redis.core.RedisHash (preferred), or consider extending one of the following types with your repository: org.springframework.data.keyvalue.repository.KeyValueRepository

28-06-2026 04:12:27.299 INFO  [restartedMain] [] o.s.d.r.c.RepositoryConfigurationDelegate [registerRepositoriesIn:213] - Finished Spring Data repository scanning in 14 ms. Found 0 Redis repository interfaces.

28-06-2026 04:12:27.712 INFO  [restartedMain] [] o.s.b.t.TomcatWebServer [initialize:114] - Tomcat initialized with port 8080 (http)

28-06-2026 04:12:27.715 INFO  [restartedMain] [] o.a.c.c.StandardService [log:168] - Starting service [Tomcat]

28-06-2026 04:12:27.716 INFO  [restartedMain] [] o.a.c.core.StandardEngine [log:168] - Starting Servlet engine: [Apache Tomcat/11.0.22]

28-06-2026 04:12:27.770 INFO  [restartedMain] [] o.s.b.w.c.s.WebApplicationContextInitializer [prepareWebApplicationContext:77] - Root WebApplicationContext: initialization completed in 1352 ms

28-06-2026 04:12:28.068 INFO  [restartedMain] [] org.hibernate.orm.jpa [logPersistenceUnitInformation:102] - HHH008540: Processing PersistenceUnitInfo [name: default]

28-06-2026 04:12:28.194 INFO  [restartedMain] [] o.s.o.j.p.SpringPersistenceUnitInfo [addTransformer:129] - No LoadTimeWeaver setup: ignoring JPA class transformer

28-06-2026 04:12:28.198 INFO  [restartedMain] [] c.z.h.HikariDataSource [getConnection:109] - HikariPool-2 - Starting...

28-06-2026 04:12:28.218 INFO  [restartedMain] [] c.z.h.pool.HikariPool [checkFailFast:580] - HikariPool-2 - Added connection com.mysql.cj.jdbc.ConnectionImpl@6f309d6b

28-06-2026 04:12:28.219 INFO  [restartedMain] [] c.z.h.HikariDataSource [getConnection:122] - HikariPool-2 - Start completed.

28-06-2026 04:12:28.223 WARN  [restartedMain] [] o.h.orm.deprecation [constructDialect:152] - HHH90000025: MySQLDialect does not need to be specified explicitly using 'hibernate.dialect' (remove the property setting and it will be selected by default)

28-06-2026 04:12:28.226 INFO  [restartedMain] [] o.h.o.connections.pooling [logConnectionInfo:179] - HHH10001005: Database info:
	Database JDBC URL [jdbc:mysql://localhost:3306/rikkei_bank?createDatabaseIfNotExist=true&useSSL=false&serverTimezone=UTC&characterEncoding=UTF-8&allowPublicKeyRetrieval=true]
	Database driver: MySQL Connector/J
	Database dialect: MySQLDialect
	Database version: 8.0.43
	Default catalog/schema: rikkei_bank/undefined
	Autocommit mode: undefined/unknown
	Isolation level: REPEATABLE_READ [default REPEATABLE_READ]
	JDBC fetch size: none
	Pool: DataSourceConnectionProvider
	Minimum pool size: undefined/unknown
	Maximum pool size: undefined/unknown

28-06-2026 04:12:28.779 INFO  [Test worker] [] c.p.r.RikkeiBankApplicationTests [logStarting:54] - Starting RikkeiBankApplicationTests using Java 21.0.10 with PID 17972 (started by KienPhan in D:\Phan Trung Ki├¬n - PTIT\JAVA WEB SERVICE\Rikkei Bank)

28-06-2026 04:12:28.788 INFO  [Test worker] [] c.p.r.RikkeiBankApplicationTests [logStartupProfileInfo:652] - No active profile set, falling back to 1 default profile: "default"

28-06-2026 04:12:28.811 INFO  [restartedMain] [] org.hibernate.orm.core [initiateService:53] - HHH000489: No JTA platform available (set 'hibernate.transaction.jta.platform' to enable JTA platform integration)

28-06-2026 04:12:28.852 INFO  [restartedMain] [] o.s.o.j.LocalContainerEntityManagerFactoryBean [buildNativeEntityManagerFactory:464] - Initialized JPA EntityManagerFactory for persistence unit 'default'

28-06-2026 04:12:29.332 INFO  [restartedMain] [] o.s.s.c.a.a.c.InitializeAuthenticationProviderBeanManagerConfigurer$InitializeAuthenticationProviderManagerConfigurer [configure:80] - Global AuthenticationManager configured with AuthenticationProvider bean with name authenticationProvider

28-06-2026 04:12:29.335 WARN  [restartedMain] [] o.s.s.c.a.a.c.InitializeUserDetailsBeanManagerConfigurer$InitializeUserDetailsManagerConfigurer [configure:73] - Global AuthenticationManager configured with an AuthenticationProvider bean. UserDetailsService beans will not be used by Spring Security for automatically configuring username/password login. Consider removing the AuthenticationProvider bean. Alternatively, consider using the UserDetailsService in a manually instantiated DaoAuthenticationProvider. If the current configuration is intentional, to turn off this warning, increase the logging level of 'org.springframework.security.config.annotation.authentication.configuration.InitializeUserDetailsBeanManagerConfigurer' to ERROR

28-06-2026 04:12:29.554 WARN  [restartedMain] [] o.s.b.j.a.JpaBaseConfiguration$JpaWebConfiguration [openEntityManagerInViewInterceptor:261] - spring.jpa.open-in-view is enabled by default. Therefore, database queries may be performed during view rendering. Explicitly configure spring.jpa.open-in-view to disable this warning

28-06-2026 04:12:30.326 INFO  [Test worker] [] o.s.d.r.c.RepositoryConfigurationDelegate [multipleStoresDetected:291] - Multiple Spring Data modules found, entering strict repository configuration mode

28-06-2026 04:12:30.328 INFO  [Test worker] [] o.s.d.r.c.RepositoryConfigurationDelegate [registerRepositoriesIn:145] - Bootstrapping Spring Data JPA repositories in DEFAULT mode.

28-06-2026 04:12:30.423 INFO  [restartedMain] [] o.s.b.a.e.w.EndpointLinksResolver [<init>:60] - Exposing 2 endpoints beneath base path '/actuator'

28-06-2026 04:12:30.487 INFO  [restartedMain] [] o.s.b.t.TomcatWebServer [start:240] - Tomcat started on port 8080 (http) with context path '/'

28-06-2026 04:12:30.498 INFO  [restartedMain] [] c.p.r.RikkeiBankApplication [logStarted:60] - Started RikkeiBankApplication in 4.21 seconds (process running for 536.419)

28-06-2026 04:12:30.588 INFO  [Test worker] [] o.s.d.r.c.RepositoryConfigurationDelegate [registerRepositoriesIn:213] - Finished Spring Data repository scanning in 245 ms. Found 7 JPA repository interfaces.

28-06-2026 04:12:30.695 INFO  [Test worker] [] o.s.d.r.c.RepositoryConfigurationDelegate [multipleStoresDetected:291] - Multiple Spring Data modules found, entering strict repository configuration mode

28-06-2026 04:12:30.701 INFO  [Test worker] [] o.s.d.r.c.RepositoryConfigurationDelegate [registerRepositoriesIn:145] - Bootstrapping Spring Data Redis repositories in DEFAULT mode.

28-06-2026 04:12:30.734 INFO  [Test worker] [] o.s.d.r.c.RepositoryConfigurationExtensionSupport [isStrictRepositoryCandidate:327] - Spring Data Redis - Could not safely identify store assignment for repository candidate interface com.ptit.rikkei_bank.repository.AccountRepository; If you want this repository to be a Redis repository, consider annotating your entities with one of these annotations: org.springframework.data.redis.core.RedisHash (preferred), or consider extending one of the following types with your repository: org.springframework.data.keyvalue.repository.KeyValueRepository

28-06-2026 04:12:30.734 INFO  [Test worker] [] o.s.d.r.c.RepositoryConfigurationExtensionSupport [isStrictRepositoryCandidate:327] - Spring Data Redis - Could not safely identify store assignment for repository candidate interface com.ptit.rikkei_bank.repository.KycProfileRepository; If you want this repository to be a Redis repository, consider annotating your entities with one of these annotations: org.springframework.data.redis.core.RedisHash (preferred), or consider extending one of the following types with your repository: org.springframework.data.keyvalue.repository.KeyValueRepository

28-06-2026 04:12:30.737 INFO  [Test worker] [] o.s.d.r.c.RepositoryConfigurationExtensionSupport [isStrictRepositoryCandidate:327] - Spring Data Redis - Could not safely identify store assignment for repository candidate interface com.ptit.rikkei_bank.repository.RefreshTokenRepository; If you want this repository to be a Redis repository, consider annotating your entities with one of these annotations: org.springframework.data.redis.core.RedisHash (preferred), or consider extending one of the following types with your repository: org.springframework.data.keyvalue.repository.KeyValueRepository

28-06-2026 04:12:30.737 INFO  [Test worker] [] o.s.d.r.c.RepositoryConfigurationExtensionSupport [isStrictRepositoryCandidate:327] - Spring Data Redis - Could not safely identify store assignment for repository candidate interface com.ptit.rikkei_bank.repository.RoleRepository; If you want this repository to be a Redis repository, consider annotating your entities with one of these annotations: org.springframework.data.redis.core.RedisHash (preferred), or consider extending one of the following types with your repository: org.springframework.data.keyvalue.repository.KeyValueRepository

28-06-2026 04:12:30.741 INFO  [Test worker] [] o.s.d.r.c.RepositoryConfigurationExtensionSupport [isStrictRepositoryCandidate:327] - Spring Data Redis - Could not safely identify store assignment for repository candidate interface com.ptit.rikkei_bank.repository.TokenBlackListRepository; If you want this repository to be a Redis repository, consider annotating your entities with one of these annotations: org.springframework.data.redis.core.RedisHash (preferred), or consider extending one of the following types with your repository: org.springframework.data.keyvalue.repository.KeyValueRepository

28-06-2026 04:12:30.742 INFO  [Test worker] [] o.s.d.r.c.RepositoryConfigurationExtensionSupport [isStrictRepositoryCandidate:327] - Spring Data Redis - Could not safely identify store assignment for repository candidate interface com.ptit.rikkei_bank.repository.TransactionRepository; If you want this repository to be a Redis repository, consider annotating your entities with one of these annotations: org.springframework.data.redis.core.RedisHash (preferred), or consider extending one of the following types with your repository: org.springframework.data.keyvalue.repository.KeyValueRepository

28-06-2026 04:12:30.742 INFO  [Test worker] [] o.s.d.r.c.RepositoryConfigurationExtensionSupport [isStrictRepositoryCandidate:327] - Spring Data Redis - Could not safely identify store assignment for repository candidate interface com.ptit.rikkei_bank.repository.UserRepository; If you want this repository to be a Redis repository, consider annotating your entities with one of these annotations: org.springframework.data.redis.core.RedisHash (preferred), or consider extending one of the following types with your repository: org.springframework.data.keyvalue.repository.KeyValueRepository

28-06-2026 04:12:30.742 INFO  [Test worker] [] o.s.d.r.c.RepositoryConfigurationDelegate [registerRepositoriesIn:213] - Finished Spring Data repository scanning in 23 ms. Found 0 Redis repository interfaces.

28-06-2026 04:12:30.808 INFO  [restartedMain] [] c.p.r.c.DataInitializer [run:48] - [DataInitializer] Default admin user created! (Username: admin / Password: admin123)

28-06-2026 04:12:30.950 INFO  [restartedMain] [] c.p.r.c.DataInitializer [run:63] - [DataInitializer] Default staff user created! (Username: staff / Password: staff123)

28-06-2026 04:12:30.952 INFO  [restartedMain] [] o.s.b.d.a.ConditionEvaluationDeltaLoggingListener [onApplicationEvent:66] - Condition evaluation unchanged

28-06-2026 04:12:32.109 INFO  [Test worker] [] org.hibernate.orm.jpa [logPersistenceUnitInformation:102] - HHH008540: Processing PersistenceUnitInfo [name: default]

28-06-2026 04:12:32.233 INFO  [Test worker] [] org.hibernate.orm.core [logVersion:41] - HHH000001: Hibernate ORM core version 7.4.1.Final

28-06-2026 04:12:33.040 INFO  [Test worker] [] o.s.o.j.p.SpringPersistenceUnitInfo [addTransformer:129] - No LoadTimeWeaver setup: ignoring JPA class transformer

28-06-2026 04:12:33.108 INFO  [Test worker] [] c.z.h.HikariDataSource [getConnection:109] - HikariPool-1 - Starting...

28-06-2026 04:12:33.378 INFO  [Test worker] [] c.z.h.pool.HikariPool [checkFailFast:580] - HikariPool-1 - Added connection com.mysql.cj.jdbc.ConnectionImpl@7a57c5d9

28-06-2026 04:12:33.384 INFO  [Test worker] [] c.z.h.HikariDataSource [getConnection:122] - HikariPool-1 - Start completed.

28-06-2026 04:12:33.478 WARN  [Test worker] [] o.h.orm.deprecation [constructDialect:152] - HHH90000025: MySQLDialect does not need to be specified explicitly using 'hibernate.dialect' (remove the property setting and it will be selected by default)

28-06-2026 04:12:33.508 INFO  [Test worker] [] o.h.o.connections.pooling [logConnectionInfo:179] - HHH10001005: Database info:
	Database JDBC URL [jdbc:mysql://localhost:3306/rikkei_bank?createDatabaseIfNotExist=true&useSSL=false&serverTimezone=UTC&characterEncoding=UTF-8&allowPublicKeyRetrieval=true]
	Database driver: MySQL Connector/J
	Database dialect: MySQLDialect
	Database version: 8.0.43
	Default catalog/schema: rikkei_bank/undefined
	Autocommit mode: undefined/unknown
	Isolation level: REPEATABLE_READ [default REPEATABLE_READ]
	JDBC fetch size: none
	Pool: DataSourceConnectionProvider
	Minimum pool size: undefined/unknown
	Maximum pool size: undefined/unknown

28-06-2026 04:12:35.448 INFO  [Test worker] [] org.hibernate.orm.core [initiateService:53] - HHH000489: No JTA platform available (set 'hibernate.transaction.jta.platform' to enable JTA platform integration)

28-06-2026 04:12:35.598 INFO  [Test worker] [] o.s.o.j.LocalContainerEntityManagerFactoryBean [buildNativeEntityManagerFactory:464] - Initialized JPA EntityManagerFactory for persistence unit 'default'

28-06-2026 04:12:35.832 INFO  [Test worker] [] o.s.d.j.r.q.QueryEnhancerFactories [<clinit>:48] - Hibernate is in classpath; If applicable, HQL parser will be used.

28-06-2026 04:12:38.858 INFO  [Test worker] [] o.s.s.c.a.a.c.InitializeAuthenticationProviderBeanManagerConfigurer$InitializeAuthenticationProviderManagerConfigurer [configure:80] - Global AuthenticationManager configured with AuthenticationProvider bean with name authenticationProvider

28-06-2026 04:12:38.858 WARN  [Test worker] [] o.s.s.c.a.a.c.InitializeUserDetailsBeanManagerConfigurer$InitializeUserDetailsManagerConfigurer [configure:73] - Global AuthenticationManager configured with an AuthenticationProvider bean. UserDetailsService beans will not be used by Spring Security for automatically configuring username/password login. Consider removing the AuthenticationProvider bean. Alternatively, consider using the UserDetailsService in a manually instantiated DaoAuthenticationProvider. If the current configuration is intentional, to turn off this warning, increase the logging level of 'org.springframework.security.config.annotation.authentication.configuration.InitializeUserDetailsBeanManagerConfigurer' to ERROR

28-06-2026 04:12:39.473 WARN  [Test worker] [] o.s.b.j.a.JpaBaseConfiguration$JpaWebConfiguration [openEntityManagerInViewInterceptor:261] - spring.jpa.open-in-view is enabled by default. Therefore, database queries may be performed during view rendering. Explicitly configure spring.jpa.open-in-view to disable this warning

28-06-2026 04:12:41.411 INFO  [Test worker] [] o.s.b.a.e.w.EndpointLinksResolver [<init>:60] - Exposing 2 endpoints beneath base path '/actuator'

28-06-2026 04:12:41.538 INFO  [Test worker] [] c.p.r.RikkeiBankApplicationTests [logStarted:60] - Started RikkeiBankApplicationTests in 13.443 seconds (process running for 15.811)

28-06-2026 04:12:43.290 INFO  [Test worker] [] o.s.m.w.MockServletContext [log:431] - Initializing Spring TestDispatcherServlet ''

28-06-2026 04:12:43.290 INFO  [Test worker] [] o.s.t.w.s.TestDispatcherServlet [initServletBean:523] - Initializing Servlet ''

28-06-2026 04:12:43.298 INFO  [Test worker] [] o.s.t.w.s.TestDispatcherServlet [initServletBean:545] - Completed initialization in 0 ms

28-06-2026 04:12:44.478 INFO  [Test worker] [] o.s.m.w.MockServletContext [log:431] - Initializing Spring TestDispatcherServlet ''

28-06-2026 04:12:44.482 INFO  [Test worker] [] o.s.t.w.s.TestDispatcherServlet [initServletBean:523] - Initializing Servlet ''

28-06-2026 04:12:44.482 INFO  [Test worker] [] o.s.t.w.s.TestDispatcherServlet [initServletBean:545] - Completed initialization in 0 ms

28-06-2026 04:12:44.698 INFO  [Test worker] [] o.s.m.w.MockServletContext [log:431] - Initializing Spring TestDispatcherServlet ''

28-06-2026 04:12:44.698 INFO  [Test worker] [] o.s.t.w.s.TestDispatcherServlet [initServletBean:523] - Initializing Servlet ''

28-06-2026 04:12:44.698 INFO  [Test worker] [] o.s.t.w.s.TestDispatcherServlet [initServletBean:545] - Completed initialization in 0 ms

28-06-2026 04:12:44.816 INFO  [Test worker] [] o.s.m.w.MockServletContext [log:431] - Initializing Spring TestDispatcherServlet ''

28-06-2026 04:12:44.818 INFO  [Test worker] [] o.s.t.w.s.TestDispatcherServlet [initServletBean:523] - Initializing Servlet ''

28-06-2026 04:12:44.818 INFO  [Test worker] [] o.s.t.w.s.TestDispatcherServlet [initServletBean:545] - Completed initialization in 0 ms

28-06-2026 04:12:44.908 WARN  [Test worker] [] o.s.w.s.m.s.DefaultHandlerExceptionResolver [logException:248] - Resolved [org.springframework.web.bind.MethodArgumentNotValidException: Validation failed for argument [1] in public org.springframework.http.ResponseEntity<com.ptit.rikkei_bank.dto.response.ApiResponse<java.lang.Void>> com.ptit.rikkei_bank.controller.UserController.changePassword(com.ptit.rikkei_bank.security.CustomUserDetails,com.ptit.rikkei_bank.dto.request.ChangePasswordRequest) with 2 errors: [Field error in object 'changePasswordRequest' on field 'oldPassword': rejected value []; codes [NotBlank.changePasswordRequest.oldPassword,NotBlank.oldPassword,NotBlank.java.lang.String,NotBlank]; arguments [org.springframework.context.support.DefaultMessageSourceResolvable: codes [changePasswordRequest.oldPassword,oldPassword]; arguments []; default message [oldPassword]]; default message [Mß║Łt khß║®u c┼® kh├┤ng ─æŲ░ß╗Żc ─æß╗ā trß╗æng]] [Field error in object 'changePasswordRequest' on field 'newPassword': rejected value []; codes [NotBlank.changePasswordRequest.newPassword,NotBlank.newPassword,NotBlank.java.lang.String,NotBlank]; arguments [org.springframework.context.support.DefaultMessageSourceResolvable: codes [changePasswordRequest.newPassword,newPassword]; arguments []; default message [newPassword]]; default message [Mß║Łt khß║®u mß╗øi kh├┤ng ─æŲ░ß╗Żc ─æß╗ā trß╗æng]] ]

28-06-2026 04:12:44.951 INFO  [Test worker] [] o.s.m.w.MockServletContext [log:431] - Initializing Spring TestDispatcherServlet ''

28-06-2026 04:12:44.952 INFO  [Test worker] [] o.s.t.w.s.TestDispatcherServlet [initServletBean:523] - Initializing Servlet ''

28-06-2026 04:12:44.952 INFO  [Test worker] [] o.s.t.w.s.TestDispatcherServlet [initServletBean:545] - Completed initialization in 0 ms

28-06-2026 04:12:45.690 INFO  [SpringApplicationShutdownHook] [] o.s.o.j.LocalContainerEntityManagerFactoryBean [destroy:693] - Closing JPA EntityManagerFactory for persistence unit 'default'

28-06-2026 04:12:45.708 INFO  [SpringApplicationShutdownHook] [] c.z.h.HikariDataSource [close:349] - HikariPool-1 - Shutdown initiated...

28-06-2026 04:12:45.751 INFO  [SpringApplicationShutdownHook] [] c.z.h.HikariDataSource [close:351] - HikariPool-1 - Shutdown completed.

28-06-2026 04:23:43.115 INFO  [SpringApplicationShutdownHook] [] o.s.b.t.GracefulShutdown [shutDownGracefully:54] - Commencing graceful shutdown. Waiting for active requests to complete

28-06-2026 04:23:43.127 INFO  [tomcat-shutdown] [] o.s.b.t.GracefulShutdown [doShutdown:76] - Graceful shutdown complete

28-06-2026 04:23:43.141 INFO  [SpringApplicationShutdownHook] [] o.s.o.j.LocalContainerEntityManagerFactoryBean [destroy:693] - Closing JPA EntityManagerFactory for persistence unit 'default'

28-06-2026 04:23:43.143 INFO  [SpringApplicationShutdownHook] [] c.z.h.HikariDataSource [close:349] - HikariPool-2 - Shutdown initiated...

28-06-2026 04:23:43.148 INFO  [SpringApplicationShutdownHook] [] c.z.h.HikariDataSource [close:351] - HikariPool-2 - Shutdown completed.

